Using cpu device
Wrapping the env with a `Monitor` wrapper
Wrapping the env in a DummyVecEnv.
Wrapping the env in a VecTransposeImage.
On iteration:  0
RESETTING ENVIRONMENT
Logging to logs/test_run5/PPO_0
Traceback (most recent call last):
  File "C:\Users\yerke\OneDrive - Bob Jones University\Year 4 S1\CpS 499\MyAi\sc2env.py", line 26, in step
    with open('state_rwd_action.pkl', 'rb') as f:
FileNotFoundError: [Errno 2] No such file or directory: 'state_rwd_action.pkl'
During handling of the above exception, another exception occurred:
Traceback (most recent call last):
  File "C:\Users\yerke\OneDrive - Bob Jones University\Year 4 S1\CpS 499\MyAi\train.py", line 45, in <module>
    model.learn(total_timesteps=TIMESTEPS, reset_num_timesteps=False, tb_log_name=f"PPO")
  File "C:\Users\yerke\AppData\Local\Programs\Python\Python310\lib\site-packages\stable_baselines3\ppo\ppo.py", line 304, in learn
    return super(PPO, self).learn(
  File "C:\Users\yerke\AppData\Local\Programs\Python\Python310\lib\site-packages\stable_baselines3\common\on_policy_algorithm.py", line 250, in learn
    continue_training = self.collect_rollouts(self.env, callback, self.rollout_buffer, n_rollout_steps=self.n_steps)
  File "C:\Users\yerke\AppData\Local\Programs\Python\Python310\lib\site-packages\stable_baselines3\common\on_policy_algorithm.py", line 178, in collect_rollouts
    new_obs, rewards, dones, infos = env.step(clipped_actions)
  File "C:\Users\yerke\AppData\Local\Programs\Python\Python310\lib\site-packages\stable_baselines3\common\vec_env\base_vec_env.py", line 162, in step
    return self.step_wait()
  File "C:\Users\yerke\AppData\Local\Programs\Python\Python310\lib\site-packages\stable_baselines3\common\vec_env\vec_transpose.py", line 95, in step_wait
    observations, rewards, dones, infos = self.venv.step_wait()
  File "C:\Users\yerke\AppData\Local\Programs\Python\Python310\lib\site-packages\stable_baselines3\common\vec_env\dummy_vec_env.py", line 43, in step_wait
    obs, self.buf_rews[env_idx], self.buf_dones[env_idx], self.buf_infos[env_idx] = self.envs[env_idx].step(
  File "C:\Users\yerke\AppData\Local\Programs\Python\Python310\lib\site-packages\stable_baselines3\common\monitor.py", line 90, in step
    observation, reward, done, info = self.env.step(action)
  File "C:\Users\yerke\OneDrive - Bob Jones University\Year 4 S1\CpS 499\MyAi\sc2env.py", line 26, in step
    with open('state_rwd_action.pkl', 'rb') as f:
KeyboardInterrupt