2022-09-20 23:14:09,990 INFO    StreamThr :17008 [internal.py:wandb_internal():88] W&B internal server running at pid: 17008, started at: 2022-09-20 23:14:09.990926
2022-09-20 23:14:09,990 DEBUG   HandlerThread:17008 [handler.py:handle_request():138] handle_request: status
2022-09-20 23:14:10,006 DEBUG   SenderThread:17008 [sender.py:send_request():315] send_request: status
2022-09-20 23:14:10,006 INFO    WriterThread:17008 [datastore.py:open_for_write():75] open: C:\Users\ary93\OneDrive - Bob Jones University\Year 4 S1\CpS 499\MyAi\wandb\run-20220920_231409-1rner363\run-1rner363.wandb
2022-09-20 23:14:10,006 DEBUG   SenderThread:17008 [sender.py:send():301] send: header
2022-09-20 23:14:10,006 DEBUG   SenderThread:17008 [sender.py:send():301] send: run
2022-09-20 23:14:10,213 DEBUG   HandlerThread:17008 [handler.py:handle_request():138] handle_request: check_version
2022-09-20 23:14:10,213 INFO    SenderThread:17008 [dir_watcher.py:__init__():216] watching files in: C:\Users\ary93\OneDrive - Bob Jones University\Year 4 S1\CpS 499\MyAi\wandb\run-20220920_231409-1rner363\files
2022-09-20 23:14:10,213 INFO    SenderThread:17008 [sender.py:_start_run_threads():912] run started: 1rner363 with start time 1663730049.990926
2022-09-20 23:14:10,213 DEBUG   SenderThread:17008 [sender.py:send():301] send: summary
2022-09-20 23:14:10,213 INFO    SenderThread:17008 [sender.py:_save_file():1155] saving file wandb-summary.json with policy end
2022-09-20 23:14:10,213 DEBUG   SenderThread:17008 [sender.py:send_request():315] send_request: check_version
2022-09-20 23:14:10,307 DEBUG   HandlerThread:17008 [handler.py:handle_request():138] handle_request: run_start
2022-09-20 23:14:10,325 DEBUG   HandlerThread:17008 [meta.py:__init__():34] meta init
2022-09-20 23:14:10,325 DEBUG   HandlerThread:17008 [meta.py:__init__():49] meta init done
2022-09-20 23:14:10,325 DEBUG   HandlerThread:17008 [meta.py:probe():215] probe
2022-09-20 23:14:10,372 DEBUG   HandlerThread:17008 [git.py:repo():40] git repository is invalid
2022-09-20 23:14:10,372 DEBUG   HandlerThread:17008 [meta.py:_save_code():87] save code
2022-09-20 23:14:10,387 DEBUG   HandlerThread:17008 [meta.py:_save_code():108] save code done
2022-09-20 23:14:10,387 DEBUG   HandlerThread:17008 [meta.py:_save_pip():53] save pip
2022-09-20 23:14:10,387 DEBUG   HandlerThread:17008 [meta.py:_save_pip():67] save pip done
2022-09-20 23:14:10,387 DEBUG   HandlerThread:17008 [meta.py:probe():253] probe done
2022-09-20 23:14:10,453 DEBUG   SenderThread:17008 [sender.py:send():301] send: files
2022-09-20 23:14:10,453 INFO    SenderThread:17008 [sender.py:_save_file():1155] saving file wandb-metadata.json with policy now
2022-09-20 23:14:10,453 INFO    SenderThread:17008 [sender.py:_save_file():1155] saving file code\load-train-model.py with policy now
2022-09-20 23:14:10,468 DEBUG   HandlerThread:17008 [handler.py:handle_request():138] handle_request: stop_status
2022-09-20 23:14:10,468 DEBUG   SenderThread:17008 [sender.py:send_request():315] send_request: stop_status
2022-09-20 23:14:10,468 INFO    HandlerThread:17008 [handler.py:handle_tbrecord():724] handling tbrecord: tbrecord {
  log_dir: "logs/test_run/PPO_0"
  save: true
}
control {
  relay_id: "7c91fdad8e234545a890505ba095aaf8"
}
_info {
  stream_id: "1rner363"
}

2022-09-20 23:14:10,468 DEBUG   HandlerThread:17008 [config_util.py:dict_from_config_file():100] no default config file found in config-defaults.yaml
2022-09-20 23:14:10,515 DEBUG   Thread-24 :17008 [tb_watcher.py:_process_events():274] Encountered tensorboard directory watcher error: [WinError 1314] A required privilege is not held by the client: 'C:\\Users\\ary93\\OneDrive - Bob Jones University\\Year 4 S1\\CpS 499\\MyAi\\logs\\test_run\\PPO_0\\events.out.tfevents.1663730050.XANDER-LAPTOP.17664.0' -> 'C:\\Users\\ary93\\OneDrive - Bob Jones University\\Year 4 S1\\CpS 499\\MyAi\\wandb\\run-20220920_231409-1rner363\\files\\events.out.tfevents.1663730050.XANDER-LAPTOP.17664.0'
2022-09-20 23:14:10,546 INFO    Thread-22 :17008 [upload_job.py:push():119] Skipped uploading C:\Users\ary93\AppData\Local\Temp\tmprqpbtcqcwandb\8hqxgzpj-code/load-train-model.py
2022-09-20 23:14:10,562 DEBUG   SenderThread:17008 [sender.py:send():301] send: telemetry
2022-09-20 23:14:10,562 DEBUG   SenderThread:17008 [sender.py:send():301] send: tbrecord
2022-09-20 23:14:10,897 INFO    Thread-21 :17008 [upload_job.py:push():139] Uploaded file C:\Users\ary93\AppData\Local\Temp\tmprqpbtcqcwandb\2q3h741y-wandb-metadata.json
2022-09-20 23:14:11,230 INFO    Thread-17 :17008 [dir_watcher.py:_on_file_created():275] file/dir created: C:\Users\ary93\OneDrive - Bob Jones University\Year 4 S1\CpS 499\MyAi\wandb\run-20220920_231409-1rner363\files\code\load-train-model.py
2022-09-20 23:14:11,230 INFO    Thread-17 :17008 [dir_watcher.py:_on_file_created():275] file/dir created: C:\Users\ary93\OneDrive - Bob Jones University\Year 4 S1\CpS 499\MyAi\wandb\run-20220920_231409-1rner363\files\requirements.txt
2022-09-20 23:14:11,231 INFO    Thread-17 :17008 [dir_watcher.py:_on_file_created():275] file/dir created: C:\Users\ary93\OneDrive - Bob Jones University\Year 4 S1\CpS 499\MyAi\wandb\run-20220920_231409-1rner363\files\wandb-metadata.json
2022-09-20 23:14:11,231 INFO    Thread-17 :17008 [dir_watcher.py:_on_file_created():275] file/dir created: C:\Users\ary93\OneDrive - Bob Jones University\Year 4 S1\CpS 499\MyAi\wandb\run-20220920_231409-1rner363\files\output.log
2022-09-20 23:14:11,231 INFO    Thread-17 :17008 [dir_watcher.py:_on_file_created():275] file/dir created: C:\Users\ary93\OneDrive - Bob Jones University\Year 4 S1\CpS 499\MyAi\wandb\run-20220920_231409-1rner363\files\wandb-summary.json
2022-09-20 23:14:11,231 INFO    Thread-17 :17008 [dir_watcher.py:_on_file_created():275] file/dir created: C:\Users\ary93\OneDrive - Bob Jones University\Year 4 S1\CpS 499\MyAi\wandb\run-20220920_231409-1rner363\files\code
2022-09-20 23:14:13,239 INFO    Thread-17 :17008 [dir_watcher.py:_on_file_modified():292] file/dir modified: C:\Users\ary93\OneDrive - Bob Jones University\Year 4 S1\CpS 499\MyAi\wandb\run-20220920_231409-1rner363\files\output.log
2022-09-20 23:14:25,564 DEBUG   HandlerThread:17008 [handler.py:handle_request():138] handle_request: stop_status
2022-09-20 23:14:25,564 DEBUG   SenderThread:17008 [sender.py:send_request():315] send_request: stop_status
2022-09-20 23:14:40,785 DEBUG   HandlerThread:17008 [handler.py:handle_request():138] handle_request: stop_status
2022-09-20 23:14:40,785 DEBUG   SenderThread:17008 [sender.py:send_request():315] send_request: stop_status
2022-09-20 23:14:41,473 INFO    Thread-17 :17008 [dir_watcher.py:_on_file_modified():292] file/dir modified: C:\Users\ary93\OneDrive - Bob Jones University\Year 4 S1\CpS 499\MyAi\wandb\run-20220920_231409-1rner363\files\config.yaml
2022-09-20 23:14:41,722 DEBUG   SenderThread:17008 [sender.py:send():301] send: stats
2022-09-20 23:14:55,868 DEBUG   HandlerThread:17008 [handler.py:handle_request():138] handle_request: stop_status
2022-09-20 23:14:55,868 DEBUG   SenderThread:17008 [sender.py:send_request():315] send_request: stop_status
2022-09-20 23:15:10,980 DEBUG   HandlerThread:17008 [handler.py:handle_request():138] handle_request: stop_status
2022-09-20 23:15:10,980 DEBUG   SenderThread:17008 [sender.py:send_request():315] send_request: stop_status
2022-09-20 23:15:15,668 DEBUG   SenderThread:17008 [sender.py:send():301] send: stats
2022-09-20 23:15:26,087 DEBUG   HandlerThread:17008 [handler.py:handle_request():138] handle_request: stop_status
2022-09-20 23:15:26,087 DEBUG   SenderThread:17008 [sender.py:send_request():315] send_request: stop_status
2022-09-20 23:15:41,193 DEBUG   HandlerThread:17008 [handler.py:handle_request():138] handle_request: stop_status
2022-09-20 23:15:41,193 DEBUG   SenderThread:17008 [sender.py:send_request():315] send_request: stop_status
2022-09-20 23:15:48,911 DEBUG   SenderThread:17008 [sender.py:send():301] send: stats
2022-09-20 23:15:56,303 DEBUG   HandlerThread:17008 [handler.py:handle_request():138] handle_request: stop_status
2022-09-20 23:15:56,304 DEBUG   SenderThread:17008 [sender.py:send_request():315] send_request: stop_status
2022-09-20 23:16:11,406 DEBUG   HandlerThread:17008 [handler.py:handle_request():138] handle_request: stop_status
2022-09-20 23:16:11,406 DEBUG   SenderThread:17008 [sender.py:send_request():315] send_request: stop_status
2022-09-20 23:16:22,156 DEBUG   SenderThread:17008 [sender.py:send():301] send: stats
2022-09-20 23:16:26,513 DEBUG   HandlerThread:17008 [handler.py:handle_request():138] handle_request: stop_status
2022-09-20 23:16:26,513 DEBUG   SenderThread:17008 [sender.py:send_request():315] send_request: stop_status
2022-09-20 23:16:41,632 DEBUG   HandlerThread:17008 [handler.py:handle_request():138] handle_request: stop_status
2022-09-20 23:16:41,632 DEBUG   SenderThread:17008 [sender.py:send_request():315] send_request: stop_status
2022-09-20 23:16:47,477 INFO    Thread-17 :17008 [dir_watcher.py:_on_file_modified():292] file/dir modified: C:\Users\ary93\OneDrive - Bob Jones University\Year 4 S1\CpS 499\MyAi\wandb\run-20220920_231409-1rner363\files\output.log
2022-09-20 23:16:55,590 DEBUG   SenderThread:17008 [sender.py:send():301] send: stats
2022-09-20 23:16:56,742 DEBUG   HandlerThread:17008 [handler.py:handle_request():138] handle_request: stop_status
2022-09-20 23:16:56,742 DEBUG   SenderThread:17008 [sender.py:send_request():315] send_request: stop_status
2022-09-20 23:17:11,857 DEBUG   HandlerThread:17008 [handler.py:handle_request():138] handle_request: stop_status
2022-09-20 23:17:11,858 DEBUG   SenderThread:17008 [sender.py:send_request():315] send_request: stop_status
2022-09-20 23:17:26,967 DEBUG   HandlerThread:17008 [handler.py:handle_request():138] handle_request: stop_status
2022-09-20 23:17:26,967 DEBUG   SenderThread:17008 [sender.py:send_request():315] send_request: stop_status
2022-09-20 23:17:29,166 DEBUG   SenderThread:17008 [sender.py:send():301] send: stats
2022-09-20 23:17:42,066 DEBUG   HandlerThread:17008 [handler.py:handle_request():138] handle_request: stop_status
2022-09-20 23:17:42,066 DEBUG   SenderThread:17008 [sender.py:send_request():315] send_request: stop_status
2022-09-20 23:17:57,176 DEBUG   HandlerThread:17008 [handler.py:handle_request():138] handle_request: stop_status
2022-09-20 23:17:57,176 DEBUG   SenderThread:17008 [sender.py:send_request():315] send_request: stop_status
2022-09-20 23:18:02,871 DEBUG   SenderThread:17008 [sender.py:send():301] send: stats
2022-09-20 23:18:12,744 DEBUG   HandlerThread:17008 [handler.py:handle_request():138] handle_request: stop_status
2022-09-20 23:18:12,744 DEBUG   SenderThread:17008 [sender.py:send_request():315] send_request: stop_status
2022-09-20 23:18:27,858 DEBUG   HandlerThread:17008 [handler.py:handle_request():138] handle_request: stop_status
2022-09-20 23:18:27,859 DEBUG   SenderThread:17008 [sender.py:send_request():315] send_request: stop_status
2022-09-20 23:18:36,421 DEBUG   SenderThread:17008 [sender.py:send():301] send: stats
2022-09-20 23:18:42,965 DEBUG   HandlerThread:17008 [handler.py:handle_request():138] handle_request: stop_status
2022-09-20 23:18:42,965 DEBUG   SenderThread:17008 [sender.py:send_request():315] send_request: stop_status
2022-09-20 23:18:58,066 DEBUG   HandlerThread:17008 [handler.py:handle_request():138] handle_request: stop_status
2022-09-20 23:18:58,066 DEBUG   SenderThread:17008 [sender.py:send_request():315] send_request: stop_status
2022-09-20 23:19:09,787 DEBUG   SenderThread:17008 [sender.py:send():301] send: stats
2022-09-20 23:19:13,175 DEBUG   HandlerThread:17008 [handler.py:handle_request():138] handle_request: stop_status
2022-09-20 23:19:13,176 DEBUG   SenderThread:17008 [sender.py:send_request():315] send_request: stop_status
2022-09-20 23:19:28,301 DEBUG   HandlerThread:17008 [handler.py:handle_request():138] handle_request: stop_status
2022-09-20 23:19:28,301 DEBUG   SenderThread:17008 [sender.py:send_request():315] send_request: stop_status
2022-09-20 23:19:42,847 DEBUG   SenderThread:17008 [sender.py:send():301] send: stats
2022-09-20 23:19:43,401 DEBUG   HandlerThread:17008 [handler.py:handle_request():138] handle_request: stop_status
2022-09-20 23:19:43,401 DEBUG   SenderThread:17008 [sender.py:send_request():315] send_request: stop_status
2022-09-20 23:19:58,517 DEBUG   HandlerThread:17008 [handler.py:handle_request():138] handle_request: stop_status
2022-09-20 23:19:58,517 DEBUG   SenderThread:17008 [sender.py:send_request():315] send_request: stop_status
2022-09-20 23:20:13,635 DEBUG   HandlerThread:17008 [handler.py:handle_request():138] handle_request: stop_status
2022-09-20 23:20:13,635 DEBUG   SenderThread:17008 [sender.py:send_request():315] send_request: stop_status
2022-09-20 23:20:16,070 DEBUG   SenderThread:17008 [sender.py:send():301] send: stats
2022-09-20 23:20:28,734 DEBUG   HandlerThread:17008 [handler.py:handle_request():138] handle_request: stop_status
2022-09-20 23:20:28,735 DEBUG   SenderThread:17008 [sender.py:send_request():315] send_request: stop_status
2022-09-20 23:20:43,840 DEBUG   HandlerThread:17008 [handler.py:handle_request():138] handle_request: stop_status
2022-09-20 23:20:43,841 DEBUG   SenderThread:17008 [sender.py:send_request():315] send_request: stop_status
2022-09-20 23:20:49,469 DEBUG   SenderThread:17008 [sender.py:send():301] send: stats
2022-09-20 23:20:58,945 DEBUG   HandlerThread:17008 [handler.py:handle_request():138] handle_request: stop_status
2022-09-20 23:20:58,945 DEBUG   SenderThread:17008 [sender.py:send_request():315] send_request: stop_status
2022-09-20 23:21:14,034 DEBUG   HandlerThread:17008 [handler.py:handle_request():138] handle_request: stop_status
2022-09-20 23:21:14,035 DEBUG   SenderThread:17008 [sender.py:send_request():315] send_request: stop_status
2022-09-20 23:21:22,816 DEBUG   SenderThread:17008 [sender.py:send():301] send: stats
2022-09-20 23:21:29,141 DEBUG   HandlerThread:17008 [handler.py:handle_request():138] handle_request: stop_status
2022-09-20 23:21:29,141 DEBUG   SenderThread:17008 [sender.py:send_request():315] send_request: stop_status
2022-09-20 23:21:44,257 DEBUG   HandlerThread:17008 [handler.py:handle_request():138] handle_request: stop_status
2022-09-20 23:21:44,257 DEBUG   SenderThread:17008 [sender.py:send_request():315] send_request: stop_status
2022-09-20 23:21:56,152 DEBUG   SenderThread:17008 [sender.py:send():301] send: stats
2022-09-20 23:21:59,355 DEBUG   HandlerThread:17008 [handler.py:handle_request():138] handle_request: stop_status
2022-09-20 23:21:59,355 DEBUG   SenderThread:17008 [sender.py:send_request():315] send_request: stop_status
2022-09-20 23:22:14,477 DEBUG   HandlerThread:17008 [handler.py:handle_request():138] handle_request: stop_status
2022-09-20 23:22:14,478 DEBUG   SenderThread:17008 [sender.py:send_request():315] send_request: stop_status
2022-09-20 23:22:19,292 INFO    Thread-17 :17008 [dir_watcher.py:_on_file_modified():292] file/dir modified: C:\Users\ary93\OneDrive - Bob Jones University\Year 4 S1\CpS 499\MyAi\wandb\run-20220920_231409-1rner363\files\output.log
2022-09-20 23:22:29,585 DEBUG   HandlerThread:17008 [handler.py:handle_request():138] handle_request: stop_status
2022-09-20 23:22:29,586 DEBUG   SenderThread:17008 [sender.py:send_request():315] send_request: stop_status
2022-09-20 23:22:33,119 ERROR   SenderThread:17008 [retry.py:__call__():154] Retry attempt failed:
Traceback (most recent call last):
  File "C:\Users\ary93\AppData\Local\Programs\Python\Python38\lib\site-packages\urllib3\connection.py", line 174, in _new_conn
    conn = connection.create_connection(
  File "C:\Users\ary93\AppData\Local\Programs\Python\Python38\lib\site-packages\urllib3\util\connection.py", line 95, in create_connection
    raise err
  File "C:\Users\ary93\AppData\Local\Programs\Python\Python38\lib\site-packages\urllib3\util\connection.py", line 85, in create_connection
    sock.connect(sa)
OSError: [WinError 10013] An attempt was made to access a socket in a way forbidden by its access permissions

During handling of the above exception, another exception occurred:

Traceback (most recent call last):
  File "C:\Users\ary93\AppData\Local\Programs\Python\Python38\lib\site-packages\urllib3\connectionpool.py", line 703, in urlopen
    httplib_response = self._make_request(
  File "C:\Users\ary93\AppData\Local\Programs\Python\Python38\lib\site-packages\urllib3\connectionpool.py", line 386, in _make_request
    self._validate_conn(conn)
  File "C:\Users\ary93\AppData\Local\Programs\Python\Python38\lib\site-packages\urllib3\connectionpool.py", line 1042, in _validate_conn
    conn.connect()
  File "C:\Users\ary93\AppData\Local\Programs\Python\Python38\lib\site-packages\urllib3\connection.py", line 358, in connect
    self.sock = conn = self._new_conn()
  File "C:\Users\ary93\AppData\Local\Programs\Python\Python38\lib\site-packages\urllib3\connection.py", line 186, in _new_conn
    raise NewConnectionError(
urllib3.exceptions.NewConnectionError: <urllib3.connection.HTTPSConnection object at 0x000001C40EB9BFA0>: Failed to establish a new connection: [WinError 10013] An attempt was made to access a socket in a way forbidden by its access permissions

During handling of the above exception, another exception occurred:

Traceback (most recent call last):
  File "C:\Users\ary93\AppData\Local\Programs\Python\Python38\lib\site-packages\requests\adapters.py", line 489, in send
    resp = conn.urlopen(
  File "C:\Users\ary93\AppData\Local\Programs\Python\Python38\lib\site-packages\urllib3\connectionpool.py", line 787, in urlopen
    retries = retries.increment(
  File "C:\Users\ary93\AppData\Local\Programs\Python\Python38\lib\site-packages\urllib3\util\retry.py", line 592, in increment
    raise MaxRetryError(_pool, url, error or ResponseError(cause))
urllib3.exceptions.MaxRetryError: HTTPSConnectionPool(host='api.wandb.ai', port=443): Max retries exceeded with url: /graphql (Caused by NewConnectionError('<urllib3.connection.HTTPSConnection object at 0x000001C40EB9BFA0>: Failed to establish a new connection: [WinError 10013] An attempt was made to access a socket in a way forbidden by its access permissions'))

During handling of the above exception, another exception occurred:

Traceback (most recent call last):
  File "C:\Users\ary93\AppData\Local\Programs\Python\Python38\lib\site-packages\wandb\sdk\lib\retry.py", line 113, in __call__
    result = self._call_fn(*args, **kwargs)
  File "C:\Users\ary93\AppData\Local\Programs\Python\Python38\lib\site-packages\wandb\sdk\internal\internal_api.py", line 199, in execute
    return self.client.execute(*args, **kwargs)  # type: ignore
  File "C:\Users\ary93\AppData\Local\Programs\Python\Python38\lib\site-packages\wandb\vendor\gql-0.2.0\wandb_gql\client.py", line 52, in execute
    result = self._get_result(document, *args, **kwargs)
  File "C:\Users\ary93\AppData\Local\Programs\Python\Python38\lib\site-packages\wandb\vendor\gql-0.2.0\wandb_gql\client.py", line 60, in _get_result
    return self.transport.execute(document, *args, **kwargs)
  File "C:\Users\ary93\AppData\Local\Programs\Python\Python38\lib\site-packages\wandb\vendor\gql-0.2.0\wandb_gql\transport\requests.py", line 38, in execute
    request = requests.post(self.url, **post_args)
  File "C:\Users\ary93\AppData\Local\Programs\Python\Python38\lib\site-packages\requests\api.py", line 115, in post
    return request("post", url, data=data, json=json, **kwargs)
  File "C:\Users\ary93\AppData\Local\Programs\Python\Python38\lib\site-packages\requests\api.py", line 59, in request
    return session.request(method=method, url=url, **kwargs)
  File "C:\Users\ary93\AppData\Local\Programs\Python\Python38\lib\site-packages\requests\sessions.py", line 587, in request
    resp = self.send(prep, **send_kwargs)
  File "C:\Users\ary93\AppData\Local\Programs\Python\Python38\lib\site-packages\requests\sessions.py", line 701, in send
    r = adapter.send(request, **kwargs)
  File "C:\Users\ary93\AppData\Local\Programs\Python\Python38\lib\site-packages\requests\adapters.py", line 565, in send
    raise ConnectionError(e, request=request)
requests.exceptions.ConnectionError: HTTPSConnectionPool(host='api.wandb.ai', port=443): Max retries exceeded with url: /graphql (Caused by NewConnectionError('<urllib3.connection.HTTPSConnection object at 0x000001C40EB9BFA0>: Failed to establish a new connection: [WinError 10013] An attempt was made to access a socket in a way forbidden by its access permissions'))
2022-09-20 23:22:39,334 DEBUG   SenderThread:17008 [sender.py:send():301] send: stats
2022-09-20 23:22:49,601 DEBUG   HandlerThread:17008 [handler.py:handle_request():138] handle_request: stop_status
2022-09-20 23:22:49,601 DEBUG   SenderThread:17008 [sender.py:send_request():315] send_request: stop_status
2022-09-20 23:23:03,452 DEBUG   SenderThread:17008 [sender.py:send():301] send: stats
2022-09-20 23:23:04,928 DEBUG   HandlerThread:17008 [handler.py:handle_request():138] handle_request: stop_status
2022-09-20 23:23:04,928 DEBUG   SenderThread:17008 [sender.py:send_request():315] send_request: stop_status
2022-09-20 23:23:20,213 DEBUG   HandlerThread:17008 [handler.py:handle_request():138] handle_request: stop_status
2022-09-20 23:23:20,213 DEBUG   SenderThread:17008 [sender.py:send_request():315] send_request: stop_status
2022-09-20 23:23:35,514 DEBUG   HandlerThread:17008 [handler.py:handle_request():138] handle_request: stop_status
2022-09-20 23:23:35,514 DEBUG   SenderThread:17008 [sender.py:send_request():315] send_request: stop_status
2022-09-20 23:23:37,026 DEBUG   SenderThread:17008 [sender.py:send():301] send: stats
2022-09-20 23:23:50,864 DEBUG   HandlerThread:17008 [handler.py:handle_request():138] handle_request: stop_status
2022-09-20 23:23:50,865 DEBUG   SenderThread:17008 [sender.py:send_request():315] send_request: stop_status
2022-09-20 23:24:06,152 DEBUG   HandlerThread:17008 [handler.py:handle_request():138] handle_request: stop_status
2022-09-20 23:24:06,153 DEBUG   SenderThread:17008 [sender.py:send_request():315] send_request: stop_status
2022-09-20 23:24:10,221 DEBUG   SenderThread:17008 [sender.py:send():301] send: stats
2022-09-20 23:24:21,556 DEBUG   HandlerThread:17008 [handler.py:handle_request():138] handle_request: stop_status
2022-09-20 23:24:21,556 DEBUG   SenderThread:17008 [sender.py:send_request():315] send_request: stop_status
2022-09-20 23:24:36,927 DEBUG   HandlerThread:17008 [handler.py:handle_request():138] handle_request: stop_status
2022-09-20 23:24:36,927 DEBUG   SenderThread:17008 [sender.py:send_request():315] send_request: stop_status
2022-09-20 23:24:43,336 DEBUG   SenderThread:17008 [sender.py:send():301] send: stats
2022-09-20 23:24:52,242 DEBUG   HandlerThread:17008 [handler.py:handle_request():138] handle_request: stop_status
2022-09-20 23:24:52,243 DEBUG   SenderThread:17008 [sender.py:send_request():315] send_request: stop_status
2022-09-20 23:25:07,544 DEBUG   HandlerThread:17008 [handler.py:handle_request():138] handle_request: stop_status
2022-09-20 23:25:07,544 DEBUG   SenderThread:17008 [sender.py:send_request():315] send_request: stop_status
2022-09-20 23:25:16,588 DEBUG   SenderThread:17008 [sender.py:send():301] send: stats
2022-09-20 23:25:22,820 DEBUG   HandlerThread:17008 [handler.py:handle_request():138] handle_request: stop_status
2022-09-20 23:25:22,821 DEBUG   SenderThread:17008 [sender.py:send_request():315] send_request: stop_status
2022-09-20 23:25:38,157 DEBUG   HandlerThread:17008 [handler.py:handle_request():138] handle_request: stop_status
2022-09-20 23:25:38,158 DEBUG   SenderThread:17008 [sender.py:send_request():315] send_request: stop_status
2022-09-20 23:25:49,846 DEBUG   SenderThread:17008 [sender.py:send():301] send: stats
2022-09-20 23:25:53,425 DEBUG   HandlerThread:17008 [handler.py:handle_request():138] handle_request: stop_status
2022-09-20 23:25:53,425 DEBUG   SenderThread:17008 [sender.py:send_request():315] send_request: stop_status
2022-09-20 23:26:08,769 DEBUG   HandlerThread:17008 [handler.py:handle_request():138] handle_request: stop_status
2022-09-20 23:26:08,770 DEBUG   SenderThread:17008 [sender.py:send_request():315] send_request: stop_status
2022-09-20 23:26:23,118 DEBUG   SenderThread:17008 [sender.py:send():301] send: stats
2022-09-20 23:26:24,110 DEBUG   HandlerThread:17008 [handler.py:handle_request():138] handle_request: stop_status
2022-09-20 23:26:24,111 DEBUG   SenderThread:17008 [sender.py:send_request():315] send_request: stop_status
2022-09-20 23:26:39,339 DEBUG   HandlerThread:17008 [handler.py:handle_request():138] handle_request: stop_status
2022-09-20 23:26:39,340 DEBUG   SenderThread:17008 [sender.py:send_request():315] send_request: stop_status
2022-09-20 23:26:54,671 DEBUG   HandlerThread:17008 [handler.py:handle_request():138] handle_request: stop_status
2022-09-20 23:26:54,672 DEBUG   SenderThread:17008 [sender.py:send_request():315] send_request: stop_status
2022-09-20 23:26:56,436 DEBUG   SenderThread:17008 [sender.py:send():301] send: stats
2022-09-20 23:27:09,991 DEBUG   HandlerThread:17008 [handler.py:handle_request():138] handle_request: stop_status
2022-09-20 23:27:09,991 DEBUG   SenderThread:17008 [sender.py:send_request():315] send_request: stop_status
2022-09-20 23:27:16,146 INFO    Thread-17 :17008 [dir_watcher.py:_on_file_modified():292] file/dir modified: C:\Users\ary93\OneDrive - Bob Jones University\Year 4 S1\CpS 499\MyAi\wandb\run-20220920_231409-1rner363\files\output.log
2022-09-20 23:27:25,244 DEBUG   HandlerThread:17008 [handler.py:handle_request():138] handle_request: stop_status
2022-09-20 23:27:25,244 DEBUG   SenderThread:17008 [sender.py:send_request():315] send_request: stop_status
2022-09-20 23:27:29,866 DEBUG   SenderThread:17008 [sender.py:send():301] send: stats
2022-09-20 23:27:40,570 DEBUG   HandlerThread:17008 [handler.py:handle_request():138] handle_request: stop_status
2022-09-20 23:27:40,570 DEBUG   SenderThread:17008 [sender.py:send_request():315] send_request: stop_status
2022-09-20 23:27:55,962 DEBUG   HandlerThread:17008 [handler.py:handle_request():138] handle_request: stop_status
2022-09-20 23:27:55,962 DEBUG   SenderThread:17008 [sender.py:send_request():315] send_request: stop_status
2022-09-20 23:28:03,316 DEBUG   SenderThread:17008 [sender.py:send():301] send: stats
2022-09-20 23:28:11,363 DEBUG   HandlerThread:17008 [handler.py:handle_request():138] handle_request: stop_status
2022-09-20 23:28:11,364 DEBUG   SenderThread:17008 [sender.py:send_request():315] send_request: stop_status
2022-09-20 23:28:26,641 DEBUG   HandlerThread:17008 [handler.py:handle_request():138] handle_request: stop_status
2022-09-20 23:28:26,641 DEBUG   SenderThread:17008 [sender.py:send_request():315] send_request: stop_status
2022-09-20 23:28:36,753 DEBUG   SenderThread:17008 [sender.py:send():301] send: stats
2022-09-20 23:28:41,951 DEBUG   HandlerThread:17008 [handler.py:handle_request():138] handle_request: stop_status
2022-09-20 23:28:41,952 DEBUG   SenderThread:17008 [sender.py:send_request():315] send_request: stop_status
2022-09-20 23:28:57,291 DEBUG   HandlerThread:17008 [handler.py:handle_request():138] handle_request: stop_status
2022-09-20 23:28:57,292 DEBUG   SenderThread:17008 [sender.py:send_request():315] send_request: stop_status
2022-09-20 23:29:10,160 DEBUG   SenderThread:17008 [sender.py:send():301] send: stats
2022-09-20 23:29:12,598 DEBUG   HandlerThread:17008 [handler.py:handle_request():138] handle_request: stop_status
2022-09-20 23:29:12,599 DEBUG   SenderThread:17008 [sender.py:send_request():315] send_request: stop_status
2022-09-20 23:29:27,903 DEBUG   HandlerThread:17008 [handler.py:handle_request():138] handle_request: stop_status
2022-09-20 23:29:27,904 DEBUG   SenderThread:17008 [sender.py:send_request():315] send_request: stop_status
2022-09-20 23:29:43,209 DEBUG   HandlerThread:17008 [handler.py:handle_request():138] handle_request: stop_status
2022-09-20 23:29:43,210 DEBUG   SenderThread:17008 [sender.py:send_request():315] send_request: stop_status
2022-09-20 23:29:43,520 DEBUG   SenderThread:17008 [sender.py:send():301] send: stats
2022-09-20 23:29:58,484 DEBUG   HandlerThread:17008 [handler.py:handle_request():138] handle_request: stop_status
2022-09-20 23:29:58,485 DEBUG   SenderThread:17008 [sender.py:send_request():315] send_request: stop_status
2022-09-20 23:30:13,812 DEBUG   HandlerThread:17008 [handler.py:handle_request():138] handle_request: stop_status
2022-09-20 23:30:13,813 DEBUG   SenderThread:17008 [sender.py:send_request():315] send_request: stop_status
2022-09-20 23:30:16,860 DEBUG   SenderThread:17008 [sender.py:send():301] send: stats
2022-09-20 23:30:29,180 DEBUG   HandlerThread:17008 [handler.py:handle_request():138] handle_request: stop_status
2022-09-20 23:30:29,181 DEBUG   SenderThread:17008 [sender.py:send_request():315] send_request: stop_status
2022-09-20 23:30:44,518 DEBUG   HandlerThread:17008 [handler.py:handle_request():138] handle_request: stop_status
2022-09-20 23:30:44,518 DEBUG   SenderThread:17008 [sender.py:send_request():315] send_request: stop_status
2022-09-20 23:30:50,307 DEBUG   SenderThread:17008 [sender.py:send():301] send: stats
2022-09-20 23:30:59,851 DEBUG   HandlerThread:17008 [handler.py:handle_request():138] handle_request: stop_status
2022-09-20 23:30:59,852 DEBUG   SenderThread:17008 [sender.py:send_request():315] send_request: stop_status
2022-09-20 23:31:15,185 DEBUG   HandlerThread:17008 [handler.py:handle_request():138] handle_request: stop_status
2022-09-20 23:31:15,185 DEBUG   SenderThread:17008 [sender.py:send_request():315] send_request: stop_status
2022-09-20 23:31:23,741 DEBUG   SenderThread:17008 [sender.py:send():301] send: stats
2022-09-20 23:31:27,602 INFO    Thread-17 :17008 [dir_watcher.py:_on_file_modified():292] file/dir modified: C:\Users\ary93\OneDrive - Bob Jones University\Year 4 S1\CpS 499\MyAi\wandb\run-20220920_231409-1rner363\files\output.log
2022-09-20 23:31:30,492 DEBUG   HandlerThread:17008 [handler.py:handle_request():138] handle_request: stop_status
2022-09-20 23:31:30,493 DEBUG   SenderThread:17008 [sender.py:send_request():315] send_request: stop_status
2022-09-20 23:31:45,907 DEBUG   HandlerThread:17008 [handler.py:handle_request():138] handle_request: stop_status
2022-09-20 23:31:45,907 DEBUG   SenderThread:17008 [sender.py:send_request():315] send_request: stop_status
2022-09-20 23:31:57,354 DEBUG   SenderThread:17008 [sender.py:send():301] send: stats
2022-09-20 23:32:01,169 DEBUG   HandlerThread:17008 [handler.py:handle_request():138] handle_request: stop_status
2022-09-20 23:32:01,169 DEBUG   SenderThread:17008 [sender.py:send_request():315] send_request: stop_status
2022-09-20 23:32:16,586 DEBUG   HandlerThread:17008 [handler.py:handle_request():138] handle_request: stop_status
2022-09-20 23:32:16,587 DEBUG   SenderThread:17008 [sender.py:send_request():315] send_request: stop_status
2022-09-20 23:32:30,945 DEBUG   SenderThread:17008 [sender.py:send():301] send: stats
2022-09-20 23:32:31,908 DEBUG   HandlerThread:17008 [handler.py:handle_request():138] handle_request: stop_status
2022-09-20 23:32:31,908 DEBUG   SenderThread:17008 [sender.py:send_request():315] send_request: stop_status
2022-09-20 23:32:47,174 DEBUG   HandlerThread:17008 [handler.py:handle_request():138] handle_request: stop_status
2022-09-20 23:32:47,175 DEBUG   SenderThread:17008 [sender.py:send_request():315] send_request: stop_status
2022-09-20 23:33:02,547 DEBUG   HandlerThread:17008 [handler.py:handle_request():138] handle_request: stop_status
2022-09-20 23:33:02,548 DEBUG   SenderThread:17008 [sender.py:send_request():315] send_request: stop_status
2022-09-20 23:33:04,289 DEBUG   SenderThread:17008 [sender.py:send():301] send: stats
2022-09-20 23:33:18,080 DEBUG   HandlerThread:17008 [handler.py:handle_request():138] handle_request: stop_status
2022-09-20 23:33:18,080 DEBUG   SenderThread:17008 [sender.py:send_request():315] send_request: stop_status
2022-09-20 23:33:33,479 DEBUG   HandlerThread:17008 [handler.py:handle_request():138] handle_request: stop_status
2022-09-20 23:33:33,479 DEBUG   SenderThread:17008 [sender.py:send_request():315] send_request: stop_status
2022-09-20 23:33:37,635 DEBUG   SenderThread:17008 [sender.py:send():301] send: stats
2022-09-20 23:33:48,821 DEBUG   HandlerThread:17008 [handler.py:handle_request():138] handle_request: stop_status
2022-09-20 23:33:48,822 DEBUG   SenderThread:17008 [sender.py:send_request():315] send_request: stop_status
2022-09-20 23:34:04,067 DEBUG   HandlerThread:17008 [handler.py:handle_request():138] handle_request: stop_status
2022-09-20 23:34:04,068 DEBUG   SenderThread:17008 [sender.py:send_request():315] send_request: stop_status
2022-09-20 23:34:11,021 DEBUG   SenderThread:17008 [sender.py:send():301] send: stats
2022-09-20 23:34:19,413 DEBUG   HandlerThread:17008 [handler.py:handle_request():138] handle_request: stop_status
2022-09-20 23:34:19,413 DEBUG   SenderThread:17008 [sender.py:send_request():315] send_request: stop_status
2022-09-20 23:34:34,741 DEBUG   HandlerThread:17008 [handler.py:handle_request():138] handle_request: stop_status
2022-09-20 23:34:34,742 DEBUG   SenderThread:17008 [sender.py:send_request():315] send_request: stop_status
2022-09-20 23:34:44,436 DEBUG   SenderThread:17008 [sender.py:send():301] send: stats
2022-09-20 23:34:50,258 DEBUG   HandlerThread:17008 [handler.py:handle_request():138] handle_request: stop_status
2022-09-20 23:34:50,259 DEBUG   SenderThread:17008 [sender.py:send_request():315] send_request: stop_status
2022-09-20 23:35:05,609 DEBUG   HandlerThread:17008 [handler.py:handle_request():138] handle_request: stop_status
2022-09-20 23:35:05,610 DEBUG   SenderThread:17008 [sender.py:send_request():315] send_request: stop_status
2022-09-20 23:35:17,843 DEBUG   SenderThread:17008 [sender.py:send():301] send: stats
2022-09-20 23:35:20,829 INFO    Thread-17 :17008 [dir_watcher.py:_on_file_modified():292] file/dir modified: C:\Users\ary93\OneDrive - Bob Jones University\Year 4 S1\CpS 499\MyAi\wandb\run-20220920_231409-1rner363\files\output.log
2022-09-20 23:35:20,875 DEBUG   HandlerThread:17008 [handler.py:handle_request():138] handle_request: stop_status
2022-09-20 23:35:20,875 DEBUG   SenderThread:17008 [sender.py:send_request():315] send_request: stop_status
2022-09-20 23:35:36,235 DEBUG   HandlerThread:17008 [handler.py:handle_request():138] handle_request: stop_status
2022-09-20 23:35:36,236 DEBUG   SenderThread:17008 [sender.py:send_request():315] send_request: stop_status
2022-09-20 23:35:51,445 DEBUG   SenderThread:17008 [sender.py:send():301] send: stats
2022-09-20 23:35:51,717 DEBUG   HandlerThread:17008 [handler.py:handle_request():138] handle_request: stop_status
2022-09-20 23:35:51,717 DEBUG   SenderThread:17008 [sender.py:send_request():315] send_request: stop_status
2022-09-20 23:36:07,030 DEBUG   HandlerThread:17008 [handler.py:handle_request():138] handle_request: stop_status
2022-09-20 23:36:07,030 DEBUG   SenderThread:17008 [sender.py:send_request():315] send_request: stop_status
2022-09-20 23:36:22,371 DEBUG   HandlerThread:17008 [handler.py:handle_request():138] handle_request: stop_status
2022-09-20 23:36:22,371 DEBUG   SenderThread:17008 [sender.py:send_request():315] send_request: stop_status
2022-09-20 23:36:25,050 DEBUG   SenderThread:17008 [sender.py:send():301] send: stats
2022-09-20 23:36:33,382 INFO    HandlerThread:17008 [handler.py:handle_tbrecord():724] handling tbrecord: tbrecord {
  log_dir: "logs/test_run/PPO_0"
  save: true
}
control {
  relay_id: "7c91fdad8e234545a890505ba095aaf8"
}
_info {
  stream_id: "1rner363"
}

2022-09-20 23:36:33,383 DEBUG   SenderThread:17008 [sender.py:send():301] send: tbrecord
2022-09-20 23:36:33,779 DEBUG   Thread-24 :17008 [tb_watcher.py:_process_events():274] Encountered tensorboard directory watcher error: [WinError 1314] A required privilege is not held by the client: 'C:\\Users\\ary93\\OneDrive - Bob Jones University\\Year 4 S1\\CpS 499\\MyAi\\logs\\test_run\\PPO_0\\events.out.tfevents.1663731393.XANDER-LAPTOP.17664.1' -> 'C:\\Users\\ary93\\OneDrive - Bob Jones University\\Year 4 S1\\CpS 499\\MyAi\\wandb\\run-20220920_231409-1rner363\\files\\events.out.tfevents.1663731393.XANDER-LAPTOP.17664.1'
2022-09-20 23:36:34,618 INFO    Thread-17 :17008 [dir_watcher.py:_on_file_modified():292] file/dir modified: C:\Users\ary93\OneDrive - Bob Jones University\Year 4 S1\CpS 499\MyAi\wandb\run-20220920_231409-1rner363\files\output.log
2022-09-20 23:36:37,624 DEBUG   HandlerThread:17008 [handler.py:handle_request():138] handle_request: stop_status
2022-09-20 23:36:37,625 DEBUG   SenderThread:17008 [sender.py:send_request():315] send_request: stop_status
2022-09-20 23:36:52,948 DEBUG   HandlerThread:17008 [handler.py:handle_request():138] handle_request: stop_status
2022-09-20 23:36:52,949 DEBUG   SenderThread:17008 [sender.py:send_request():315] send_request: stop_status
2022-09-20 23:36:58,435 DEBUG   SenderThread:17008 [sender.py:send():301] send: stats
2022-09-20 23:37:08,528 DEBUG   HandlerThread:17008 [handler.py:handle_request():138] handle_request: stop_status
2022-09-20 23:37:08,528 DEBUG   SenderThread:17008 [sender.py:send_request():315] send_request: stop_status
2022-09-20 23:37:23,842 DEBUG   HandlerThread:17008 [handler.py:handle_request():138] handle_request: stop_status
2022-09-20 23:37:23,842 DEBUG   SenderThread:17008 [sender.py:send_request():315] send_request: stop_status
2022-09-20 23:37:31,903 DEBUG   SenderThread:17008 [sender.py:send():301] send: stats
2022-09-20 23:37:35,153 INFO    Thread-17 :17008 [dir_watcher.py:_on_file_modified():292] file/dir modified: C:\Users\ary93\OneDrive - Bob Jones University\Year 4 S1\CpS 499\MyAi\wandb\run-20220920_231409-1rner363\files\output.log
2022-09-20 23:37:39,134 DEBUG   HandlerThread:17008 [handler.py:handle_request():138] handle_request: stop_status
2022-09-20 23:37:39,134 DEBUG   SenderThread:17008 [sender.py:send_request():315] send_request: stop_status
2022-09-20 23:37:54,524 DEBUG   HandlerThread:17008 [handler.py:handle_request():138] handle_request: stop_status
2022-09-20 23:37:54,524 DEBUG   SenderThread:17008 [sender.py:send_request():315] send_request: stop_status
2022-09-20 23:38:05,296 DEBUG   SenderThread:17008 [sender.py:send():301] send: stats
2022-09-20 23:38:10,564 DEBUG   HandlerThread:17008 [handler.py:handle_request():138] handle_request: stop_status
2022-09-20 23:38:10,565 DEBUG   SenderThread:17008 [sender.py:send_request():315] send_request: stop_status
2022-09-20 23:38:30,585 DEBUG   HandlerThread:17008 [handler.py:handle_request():138] handle_request: stop_status
2022-09-20 23:38:30,585 DEBUG   SenderThread:17008 [sender.py:send_request():315] send_request: stop_status
2022-09-20 23:38:38,545 DEBUG   SenderThread:17008 [sender.py:send():301] send: stats
2022-09-20 23:38:39,735 INFO    Thread-17 :17008 [dir_watcher.py:_on_file_modified():292] file/dir modified: C:\Users\ary93\OneDrive - Bob Jones University\Year 4 S1\CpS 499\MyAi\wandb\run-20220920_231409-1rner363\files\output.log
2022-09-20 23:38:45,247 DEBUG   SenderThread:17008 [sender.py:send():301] send: exit
2022-09-20 23:38:45,248 DEBUG   HandlerThread:17008 [handler.py:handle_request():138] handle_request: poll_exit
2022-09-20 23:38:45,248 INFO    SenderThread:17008 [sender.py:send_exit():437] handling exit code: 255
2022-09-20 23:38:45,248 INFO    SenderThread:17008 [sender.py:send_exit():439] handling runtime: 1474
2022-09-20 23:38:45,249 INFO    SenderThread:17008 [sender.py:_save_file():1155] saving file wandb-summary.json with policy end
2022-09-20 23:38:45,249 INFO    SenderThread:17008 [sender.py:send_exit():445] send defer
2022-09-20 23:38:45,249 DEBUG   SenderThread:17008 [sender.py:send_request():315] send_request: poll_exit
2022-09-20 23:38:45,250 DEBUG   HandlerThread:17008 [handler.py:handle_request():138] handle_request: defer
2022-09-20 23:38:45,250 INFO    HandlerThread:17008 [handler.py:handle_request_defer():161] handle defer: 0
2022-09-20 23:38:45,250 DEBUG   SenderThread:17008 [sender.py:send_request():315] send_request: defer
2022-09-20 23:38:45,250 INFO    SenderThread:17008 [sender.py:send_request_defer():454] handle sender defer: 0
2022-09-20 23:38:45,251 INFO    SenderThread:17008 [sender.py:transition_state():458] send defer: 1
2022-09-20 23:38:45,251 DEBUG   HandlerThread:17008 [handler.py:handle_request():138] handle_request: defer
2022-09-20 23:38:45,251 INFO    HandlerThread:17008 [handler.py:handle_request_defer():161] handle defer: 1
2022-09-20 23:38:45,358 DEBUG   SenderThread:17008 [sender.py:send_request():315] send_request: defer
2022-09-20 23:38:45,358 INFO    SenderThread:17008 [sender.py:send_request_defer():454] handle sender defer: 1
2022-09-20 23:38:45,358 INFO    SenderThread:17008 [sender.py:transition_state():458] send defer: 2
2022-09-20 23:38:45,359 DEBUG   HandlerThread:17008 [handler.py:handle_request():138] handle_request: defer
2022-09-20 23:38:45,359 INFO    HandlerThread:17008 [handler.py:handle_request_defer():161] handle defer: 2
2022-09-20 23:38:45,359 DEBUG   SenderThread:17008 [sender.py:send():301] send: stats
2022-09-20 23:38:45,359 DEBUG   SenderThread:17008 [sender.py:send_request():315] send_request: defer
2022-09-20 23:38:45,359 INFO    SenderThread:17008 [sender.py:send_request_defer():454] handle sender defer: 2
2022-09-20 23:38:45,359 INFO    SenderThread:17008 [sender.py:transition_state():458] send defer: 3
2022-09-20 23:38:45,360 DEBUG   HandlerThread:17008 [handler.py:handle_request():138] handle_request: defer
2022-09-20 23:38:45,360 INFO    HandlerThread:17008 [handler.py:handle_request_defer():161] handle defer: 3
2022-09-20 23:38:45,814 INFO    Thread-17 :17008 [dir_watcher.py:_on_file_modified():292] file/dir modified: C:\Users\ary93\OneDrive - Bob Jones University\Year 4 S1\CpS 499\MyAi\wandb\run-20220920_231409-1rner363\files\wandb-summary.json
2022-09-20 23:38:47,842 INFO    Thread-17 :17008 [dir_watcher.py:_on_file_modified():292] file/dir modified: C:\Users\ary93\OneDrive - Bob Jones University\Year 4 S1\CpS 499\MyAi\wandb\run-20220920_231409-1rner363\files\output.log
2022-09-20 23:38:51,807 DEBUG   SenderThread:17008 [sender.py:send_request():315] send_request: defer
2022-09-20 23:38:51,807 INFO    SenderThread:17008 [sender.py:send_request_defer():454] handle sender defer: 3
2022-09-20 23:38:51,807 INFO    SenderThread:17008 [sender.py:transition_state():458] send defer: 4
2022-09-20 23:38:51,807 DEBUG   HandlerThread:17008 [handler.py:handle_request():138] handle_request: poll_exit
2022-09-20 23:38:51,808 DEBUG   SenderThread:17008 [sender.py:send_request():315] send_request: poll_exit
2022-09-20 23:38:51,808 DEBUG   HandlerThread:17008 [handler.py:handle_request():138] handle_request: poll_exit
2022-09-20 23:38:51,808 DEBUG   SenderThread:17008 [sender.py:send_request():315] send_request: poll_exit
2022-09-20 23:38:51,808 DEBUG   HandlerThread:17008 [handler.py:handle_request():138] handle_request: defer
2022-09-20 23:38:51,809 INFO    HandlerThread:17008 [handler.py:handle_request_defer():161] handle defer: 4
2022-09-20 23:38:51,809 DEBUG   SenderThread:17008 [sender.py:send():301] send: summary
2022-09-20 23:38:51,810 INFO    SenderThread:17008 [sender.py:_save_file():1155] saving file wandb-summary.json with policy end
2022-09-20 23:38:51,810 DEBUG   SenderThread:17008 [sender.py:send_request():315] send_request: defer
2022-09-20 23:38:51,810 INFO    SenderThread:17008 [sender.py:send_request_defer():454] handle sender defer: 4
2022-09-20 23:38:51,810 INFO    SenderThread:17008 [sender.py:transition_state():458] send defer: 5
2022-09-20 23:38:51,811 DEBUG   HandlerThread:17008 [handler.py:handle_request():138] handle_request: defer
2022-09-20 23:38:51,811 INFO    HandlerThread:17008 [handler.py:handle_request_defer():161] handle defer: 5
2022-09-20 23:38:51,811 DEBUG   SenderThread:17008 [sender.py:send_request():315] send_request: defer
2022-09-20 23:38:51,811 INFO    SenderThread:17008 [sender.py:send_request_defer():454] handle sender defer: 5
2022-09-20 23:38:51,811 INFO    SenderThread:17008 [sender.py:transition_state():458] send defer: 6
2022-09-20 23:38:51,811 DEBUG   HandlerThread:17008 [handler.py:handle_request():138] handle_request: defer
2022-09-20 23:38:51,811 INFO    HandlerThread:17008 [handler.py:handle_request_defer():161] handle defer: 6
2022-09-20 23:38:51,812 DEBUG   SenderThread:17008 [sender.py:send_request():315] send_request: defer
2022-09-20 23:38:51,812 INFO    SenderThread:17008 [sender.py:send_request_defer():454] handle sender defer: 6
2022-09-20 23:38:51,871 INFO    Thread-17 :17008 [dir_watcher.py:_on_file_modified():292] file/dir modified: C:\Users\ary93\OneDrive - Bob Jones University\Year 4 S1\CpS 499\MyAi\wandb\run-20220920_231409-1rner363\files\wandb-summary.json
2022-09-20 23:38:51,917 DEBUG   HandlerThread:17008 [handler.py:handle_request():138] handle_request: poll_exit
2022-09-20 23:38:53,380 INFO    SenderThread:17008 [sender.py:transition_state():458] send defer: 7
2022-09-20 23:38:53,381 DEBUG   SenderThread:17008 [sender.py:send_request():315] send_request: poll_exit
2022-09-20 23:38:53,381 DEBUG   HandlerThread:17008 [handler.py:handle_request():138] handle_request: defer
2022-09-20 23:38:53,381 INFO    HandlerThread:17008 [handler.py:handle_request_defer():161] handle defer: 7
2022-09-20 23:38:53,381 DEBUG   SenderThread:17008 [sender.py:send_request():315] send_request: defer
2022-09-20 23:38:53,381 INFO    SenderThread:17008 [sender.py:send_request_defer():454] handle sender defer: 7
2022-09-20 23:38:53,382 INFO    SenderThread:17008 [dir_watcher.py:finish():362] shutting down directory watcher
2022-09-20 23:38:53,492 DEBUG   HandlerThread:17008 [handler.py:handle_request():138] handle_request: poll_exit
2022-09-20 23:38:53,884 INFO    SenderThread:17008 [dir_watcher.py:_on_file_modified():292] file/dir modified: C:\Users\ary93\OneDrive - Bob Jones University\Year 4 S1\CpS 499\MyAi\wandb\run-20220920_231409-1rner363\files\output.log
2022-09-20 23:38:53,885 INFO    SenderThread:17008 [dir_watcher.py:finish():392] scan: C:\Users\ary93\OneDrive - Bob Jones University\Year 4 S1\CpS 499\MyAi\wandb\run-20220920_231409-1rner363\files
2022-09-20 23:38:53,885 INFO    SenderThread:17008 [dir_watcher.py:finish():406] scan save: C:\Users\ary93\OneDrive - Bob Jones University\Year 4 S1\CpS 499\MyAi\wandb\run-20220920_231409-1rner363\files\config.yaml config.yaml
2022-09-20 23:38:53,885 INFO    SenderThread:17008 [dir_watcher.py:finish():406] scan save: C:\Users\ary93\OneDrive - Bob Jones University\Year 4 S1\CpS 499\MyAi\wandb\run-20220920_231409-1rner363\files\output.log output.log
2022-09-20 23:38:53,886 INFO    SenderThread:17008 [dir_watcher.py:finish():406] scan save: C:\Users\ary93\OneDrive - Bob Jones University\Year 4 S1\CpS 499\MyAi\wandb\run-20220920_231409-1rner363\files\requirements.txt requirements.txt
2022-09-20 23:38:53,892 INFO    SenderThread:17008 [dir_watcher.py:finish():406] scan save: C:\Users\ary93\OneDrive - Bob Jones University\Year 4 S1\CpS 499\MyAi\wandb\run-20220920_231409-1rner363\files\wandb-metadata.json wandb-metadata.json
2022-09-20 23:38:53,892 INFO    SenderThread:17008 [dir_watcher.py:finish():406] scan save: C:\Users\ary93\OneDrive - Bob Jones University\Year 4 S1\CpS 499\MyAi\wandb\run-20220920_231409-1rner363\files\wandb-summary.json wandb-summary.json
2022-09-20 23:38:53,896 INFO    SenderThread:17008 [dir_watcher.py:finish():406] scan save: C:\Users\ary93\OneDrive - Bob Jones University\Year 4 S1\CpS 499\MyAi\wandb\run-20220920_231409-1rner363\files\code\load-train-model.py code\load-train-model.py
2022-09-20 23:38:53,896 INFO    SenderThread:17008 [sender.py:transition_state():458] send defer: 8
2022-09-20 23:38:53,896 DEBUG   SenderThread:17008 [sender.py:send_request():315] send_request: poll_exit
2022-09-20 23:38:53,897 DEBUG   HandlerThread:17008 [handler.py:handle_request():138] handle_request: defer
2022-09-20 23:38:53,897 INFO    HandlerThread:17008 [handler.py:handle_request_defer():161] handle defer: 8
2022-09-20 23:38:53,897 DEBUG   SenderThread:17008 [sender.py:send_request():315] send_request: defer
2022-09-20 23:38:53,897 INFO    SenderThread:17008 [sender.py:send_request_defer():454] handle sender defer: 8
2022-09-20 23:38:53,897 INFO    SenderThread:17008 [file_pusher.py:finish():168] shutting down file pusher
2022-09-20 23:38:54,007 DEBUG   HandlerThread:17008 [handler.py:handle_request():138] handle_request: poll_exit
2022-09-20 23:38:54,007 DEBUG   SenderThread:17008 [sender.py:send_request():315] send_request: poll_exit
2022-09-20 23:38:54,115 DEBUG   HandlerThread:17008 [handler.py:handle_request():138] handle_request: poll_exit
2022-09-20 23:38:54,115 DEBUG   SenderThread:17008 [sender.py:send_request():315] send_request: poll_exit
2022-09-20 23:38:54,227 DEBUG   HandlerThread:17008 [handler.py:handle_request():138] handle_request: poll_exit
2022-09-20 23:38:54,227 DEBUG   SenderThread:17008 [sender.py:send_request():315] send_request: poll_exit
2022-09-20 23:38:54,337 DEBUG   HandlerThread:17008 [handler.py:handle_request():138] handle_request: poll_exit
2022-09-20 23:38:54,337 DEBUG   SenderThread:17008 [sender.py:send_request():315] send_request: poll_exit
2022-09-20 23:38:54,446 DEBUG   HandlerThread:17008 [handler.py:handle_request():138] handle_request: poll_exit
2022-09-20 23:38:54,446 DEBUG   SenderThread:17008 [sender.py:send_request():315] send_request: poll_exit
2022-09-20 23:38:54,554 DEBUG   HandlerThread:17008 [handler.py:handle_request():138] handle_request: poll_exit
2022-09-20 23:38:54,554 DEBUG   SenderThread:17008 [sender.py:send_request():315] send_request: poll_exit
2022-09-20 23:38:54,635 INFO    Thread-26 :17008 [upload_job.py:push():139] Uploaded file C:\Users\ary93\OneDrive - Bob Jones University\Year 4 S1\CpS 499\MyAi\wandb\run-20220920_231409-1rner363\files\output.log
2022-09-20 23:38:54,639 INFO    Thread-28 :17008 [upload_job.py:push():139] Uploaded file C:\Users\ary93\OneDrive - Bob Jones University\Year 4 S1\CpS 499\MyAi\wandb\run-20220920_231409-1rner363\files\wandb-summary.json
2022-09-20 23:38:54,644 INFO    Thread-25 :17008 [upload_job.py:push():139] Uploaded file C:\Users\ary93\OneDrive - Bob Jones University\Year 4 S1\CpS 499\MyAi\wandb\run-20220920_231409-1rner363\files\config.yaml
2022-09-20 23:38:54,665 DEBUG   HandlerThread:17008 [handler.py:handle_request():138] handle_request: poll_exit
2022-09-20 23:38:54,665 DEBUG   SenderThread:17008 [sender.py:send_request():315] send_request: poll_exit
2022-09-20 23:38:54,673 INFO    Thread-27 :17008 [upload_job.py:push():139] Uploaded file C:\Users\ary93\OneDrive - Bob Jones University\Year 4 S1\CpS 499\MyAi\wandb\run-20220920_231409-1rner363\files\requirements.txt
2022-09-20 23:38:54,773 DEBUG   HandlerThread:17008 [handler.py:handle_request():138] handle_request: poll_exit
2022-09-20 23:38:54,773 DEBUG   SenderThread:17008 [sender.py:send_request():315] send_request: poll_exit
2022-09-20 23:38:54,883 INFO    Thread-16 :17008 [sender.py:transition_state():458] send defer: 9
2022-09-20 23:38:54,883 DEBUG   HandlerThread:17008 [handler.py:handle_request():138] handle_request: poll_exit
2022-09-20 23:38:54,884 DEBUG   SenderThread:17008 [sender.py:send_request():315] send_request: poll_exit
2022-09-20 23:38:54,884 DEBUG   HandlerThread:17008 [handler.py:handle_request():138] handle_request: defer
2022-09-20 23:38:54,884 INFO    HandlerThread:17008 [handler.py:handle_request_defer():161] handle defer: 9
2022-09-20 23:38:54,884 DEBUG   SenderThread:17008 [sender.py:send_request():315] send_request: defer
2022-09-20 23:38:54,884 INFO    SenderThread:17008 [sender.py:send_request_defer():454] handle sender defer: 9
2022-09-20 23:38:54,992 DEBUG   HandlerThread:17008 [handler.py:handle_request():138] handle_request: poll_exit
2022-09-20 23:38:55,392 INFO    SenderThread:17008 [sender.py:transition_state():458] send defer: 10
2022-09-20 23:38:55,392 DEBUG   SenderThread:17008 [sender.py:send_request():315] send_request: poll_exit
2022-09-20 23:38:55,393 DEBUG   HandlerThread:17008 [handler.py:handle_request():138] handle_request: defer
2022-09-20 23:38:55,393 INFO    HandlerThread:17008 [handler.py:handle_request_defer():161] handle defer: 10
2022-09-20 23:38:55,393 DEBUG   SenderThread:17008 [sender.py:send_request():315] send_request: defer
2022-09-20 23:38:55,393 INFO    SenderThread:17008 [sender.py:send_request_defer():454] handle sender defer: 10
2022-09-20 23:38:55,393 INFO    SenderThread:17008 [sender.py:transition_state():458] send defer: 11
2022-09-20 23:38:55,394 DEBUG   SenderThread:17008 [sender.py:send():301] send: final
2022-09-20 23:38:55,394 DEBUG   HandlerThread:17008 [handler.py:handle_request():138] handle_request: defer
2022-09-20 23:38:55,394 INFO    HandlerThread:17008 [handler.py:handle_request_defer():161] handle defer: 11
2022-09-20 23:38:55,394 DEBUG   SenderThread:17008 [sender.py:send():301] send: footer
2022-09-20 23:38:55,395 DEBUG   SenderThread:17008 [sender.py:send_request():315] send_request: defer
2022-09-20 23:38:55,395 INFO    SenderThread:17008 [sender.py:send_request_defer():454] handle sender defer: 11
2022-09-20 23:38:55,509 DEBUG   HandlerThread:17008 [handler.py:handle_request():138] handle_request: poll_exit
2022-09-20 23:38:55,509 DEBUG   SenderThread:17008 [sender.py:send_request():315] send_request: poll_exit
2022-09-20 23:38:55,509 INFO    SenderThread:17008 [file_pusher.py:join():173] waiting for file pusher
2022-09-20 23:38:55,949 DEBUG   HandlerThread:17008 [handler.py:handle_request():138] handle_request: sampled_history
2022-09-20 23:38:55,950 DEBUG   HandlerThread:17008 [handler.py:handle_request():138] handle_request: get_summary
2022-09-20 23:38:55,950 INFO    MainThread:17008 [wandb_run.py:_footer_history_summary_info():3321] rendering history
2022-09-20 23:38:55,950 INFO    MainThread:17008 [wandb_run.py:_footer_history_summary_info():3353] rendering summary
2022-09-20 23:38:55,950 INFO    MainThread:17008 [wandb_run.py:_footer_sync_info():3277] logging synced files
2022-09-20 23:38:55,954 DEBUG   HandlerThread:17008 [handler.py:handle_request():138] handle_request: shutdown
2022-09-20 23:38:55,954 INFO    HandlerThread:17008 [handler.py:finish():807] shutting down handler
2022-09-20 23:38:56,406 INFO    WriterThread:17008 [datastore.py:close():279] close: C:\Users\ary93\OneDrive - Bob Jones University\Year 4 S1\CpS 499\MyAi\wandb\run-20220920_231409-1rner363\run-1rner363.wandb
2022-09-20 23:38:56,852 INFO    SenderThread:17008 [sender.py:finish():1315] shutting down sender
2022-09-20 23:38:56,852 INFO    SenderThread:17008 [file_pusher.py:finish():168] shutting down file pusher
2022-09-20 23:38:56,852 INFO    SenderThread:17008 [file_pusher.py:join():173] waiting for file pusher
2022-09-20 23:38:56,965 INFO    MainThread:17008 [internal.py:handle_exit():78] Internal process exited
